# JRE version: OpenJDK Runtime Environment (8.0_181-b13) (build 1.8.0_181-b13)
# Java VM: OpenJDK 64-Bit Server VM (25.181-b13 mixed mode linux-amd64 compressed oops)
Heap:
 PSYoungGen      total 36352K, used 7867K [0x00000000d7580000, 0x00000000d9e00000, 0x0000000100000000)
  eden space 31232K, 25% used [0x00000000d7580000,0x00000000d7d2ef60,0x00000000d9400000)
  from space 5120K, 0% used [0x00000000d9900000,0x00000000d9900000,0x00000000d9e00000)
  to   space 5120K, 0% used [0x00000000d9400000,0x00000000d9400000,0x00000000d9900000)
 ParOldGen       total 72192K, used 12160K [0x0000000086000000, 0x000000008a680000, 0x00000000d7580000)
  object space 72192K, 16% used [0x0000000086000000,0x0000000086be0098,0x000000008a680000)
 Metaspace       used 21217K, capacity 22570K, committed 22656K, reserved 1069056K
  class space    used 2875K, capacity 3151K, committed 3200K, reserved 1048576K
GC Heap History (6 events):
Event: 1.222 GC heap before
{Heap before GC invocations=1 (full 0):
 PSYoungGen      total 36352K, used 31232K [0x00000000d7580000, 0x00000000d9e00000, 0x0000000100000000)
  eden space 31232K, 100% used [0x00000000d7580000,0x00000000d9400000,0x00000000d9400000)
  from space 5120K, 0% used [0x00000000d9900000,0x00000000d9900000,0x00000000d9e00000)
  to   space 5120K, 0% used [0x00000000d9400000,0x00000000d9400000,0x00000000d9900000)
 ParOldGen       total 83456K, used 0K [0x0000000086000000, 0x000000008b180000, 0x00000000d7580000)
  object space 83456K, 0% used [0x0000000086000000,0x0000000086000000,0x000000008b180000)
 Metaspace       used 13616K, capacity 14080K, committed 14208K, reserved 1060864K
  class space    used 1732K, capacity 1842K, committed 1920K, reserved 1048576K
Event: 1.228 GC heap after
Heap after GC invocations=1 (full 0):
 PSYoungGen      total 36352K, used 5107K [0x00000000d7580000, 0x00000000d9e00000, 0x0000000100000000)
  eden space 31232K, 0% used [0x00000000d7580000,0x00000000d7580000,0x00000000d9400000)
  from space 5120K, 99% used [0x00000000d9400000,0x00000000d98fcdb8,0x00000000d9900000)
  to   space 5120K, 0% used [0x00000000d9900000,0x00000000d9900000,0x00000000d9e00000)
 ParOldGen       total 83456K, used 4572K [0x0000000086000000, 0x000000008b180000, 0x00000000d7580000)
  object space 83456K, 5% used [0x0000000086000000,0x0000000086477080,0x000000008b180000)
 Metaspace       used 13616K, capacity 14080K, committed 14208K, reserved 1060864K
  class space    used 1732K, capacity 1842K, committed 1920K, reserved 1048576K
}
Event: 5.553 GC heap before
{Heap before GC invocations=2 (full 0):
 PSYoungGen      total 36352K, used 32949K [0x00000000d7580000, 0x00000000d9e00000, 0x0000000100000000)
  eden space 31232K, 89% used [0x00000000d7580000,0x00000000d90b0928,0x00000000d9400000)
  from space 5120K, 99% used [0x00000000d9400000,0x00000000d98fcdb8,0x00000000d9900000)
  to   space 5120K, 0% used [0x00000000d9900000,0x00000000d9900000,0x00000000d9e00000)
 ParOldGen       total 83456K, used 4572K [0x0000000086000000, 0x000000008b180000, 0x00000000d7580000)
  object space 83456K, 5% used [0x0000000086000000,0x0000000086477080,0x000000008b180000)
 Metaspace       used 19913K, capacity 21090K, committed 21248K, reserved 1067008K
  class space    used 2720K, capacity 2961K, committed 3072K, reserved 1048576K
Event: 5.565 GC heap after
Heap after GC invocations=2 (full 0):
 PSYoungGen      total 36352K, used 5104K [0x00000000d7580000, 0x00000000d9e00000, 0x0000000100000000)
  eden space 31232K, 0% used [0x00000000d7580000,0x00000000d7580000,0x00000000d9400000)
  from space 5120K, 99% used [0x00000000d9900000,0x00000000d9dfc078,0x00000000d9e00000)
  to   space 5120K, 0% used [0x00000000d9400000,0x00000000d9400000,0x00000000d9900000)
 ParOldGen       total 83456K, used 12072K [0x0000000086000000, 0x000000008b180000, 0x00000000d7580000)
  object space 83456K, 14% used [0x0000000086000000,0x0000000086bca320,0x000000008b180000)
 Metaspace       used 19913K, capacity 21090K, committed 21248K, reserved 1067008K
  class space    used 2720K, capacity 2961K, committed 3072K, reserved 1048576K
}
Event: 5.565 GC heap before
{Heap before GC invocations=3 (full 1):
 PSYoungGen      total 36352K, used 5104K [0x00000000d7580000, 0x00000000d9e00000, 0x0000000100000000)
  eden space 31232K, 0% used [0x00000000d7580000,0x00000000d7580000,0x00000000d9400000)
  from space 5120K, 99% used [0x00000000d9900000,0x00000000d9dfc078,0x00000000d9e00000)
  to   space 5120K, 0% used [0x00000000d9400000,0x00000000d9400000,0x00000000d9900000)
 ParOldGen       total 83456K, used 12072K [0x0000000086000000, 0x000000008b180000, 0x00000000d7580000)
  object space 83456K, 14% used [0x0000000086000000,0x0000000086bca320,0x000000008b180000)
 Metaspace       used 19913K, capacity 21090K, committed 21248K, reserved 1067008K
  class space    used 2720K, capacity 2961K, committed 3072K, reserved 1048576K
Event: 5.604 GC heap after
Heap after GC invocations=3 (full 1):
 PSYoungGen      total 36352K, used 0K [0x00000000d7580000, 0x00000000d9e00000, 0x0000000100000000)
  eden space 31232K, 0% used [0x00000000d7580000,0x00000000d7580000,0x00000000d9400000)
  from space 5120K, 0% used [0x00000000d9900000,0x00000000d9900000,0x00000000d9e00000)
  to   space 5120K, 0% used [0x00000000d9400000,0x00000000d9400000,0x00000000d9900000)
 ParOldGen       total 72192K, used 12160K [0x0000000086000000, 0x000000008a680000, 0x00000000d7580000)
  object space 72192K, 16% used [0x0000000086000000,0x0000000086be0098,0x000000008a680000)
 Metaspace       used 19913K, capacity 21090K, committed 21248K, reserved 1067008K
  class space    used 2720K, capacity 2961K, committed 3072K, reserved 1048576K
}

